dddddnov 07, 2023 3:58:19 P. M. comportamientos.Ficheros cargarUsuarios
WARNING: No se han podido cargar los usuarios
nov 07, 2023 3:59:01 P. M. comportamientos.Ficheros cargarUsuarios
WARNING: No se han podido cargar los usuarios
nov 01, 2023 8:01:02 P. M. comportamientos.Ficheros cargarUsuarios
WARNING: No se han podido cargar los usuarios
nov 01, 2023 8:01:40 P. M. comportamientos.Ficheros cargarUsuarios
WARNING: No se han podido cargar los usuarios
nov 01, 2023 8:02:39 P. M. comportamientos.Ficheros cargarUsuarios
WARNING: No se han podido cargar los usuarios
nov 01, 2023 8:04:03 P. M. comportamientos.Ficheros cargarUsuarios
WARNING: No se han podido cargar los usuarios
nov 01, 2023 8:04:10 P. M. comportamientos.Ficheros cargarUsuarios
WARNING: No se han podido cargar los usuarios
nov 01, 2023 8:06:28 P. M. comportamientos.Ficheros cargarUsuarios
WARNING: No se han podido cargar los usuarios
nov 03, 2023 5:18:15 P. M. comportamientos.Ficheros cargarUsuarios
WARNING: No se han podido cargar los usuarios
nov 04, 2023 10:17:13 A. M. comportamientos.Ficheros cargarUsuarios
WARNING: No se han podido cargar los usuarios
nov 04, 2023 10:19:45 A. M. comportamientos.Ficheros cargarUsuarios
WARNING: No se han podido cargar los usuarios
oct 29, 2023 4:55:23 P. M. comportamientos.Ficheros cargarUsuarios
WARNING: No se han podido cargar los usuarios
oct 29, 2023 4:56:39 P. M. comportamientos.Ficheros cargarUsuarios
WARNING: No se han podido cargar los usuarios
